{"uuid":"5d9f2351-aa49-4683-a75e-2b5d0ec136b5","historyId":"c419ac13cbefd2d5a35ea90196357043","fullName":"BooksTests.validateBooksByPublisherInUI","labels":[{"name":"package","value":"BooksTests"},{"name":"testClass","value":"BooksTests"},{"name":"testMethod","value":"validateBooksByPublisherInUI"},{"name":"parentSuite","value":"Default Suite"},{"name":"suite","value":"final-try"},{"name":"subSuite","value":"BooksTests"},{"name":"host","value":"MACINTOSHIs-MacBook-Pro.local"},{"name":"thread","value":"4516@MACINTOSHIs-MacBook-Pro.local.main(1)"},{"name":"framework","value":"testng"},{"name":"language","value":"java"},{"name":"story","value":"validate books"},{"name":"epic","value":"bookstore testing"},{"name":"feature","value":"bookstore test cases"}],"links":[],"name":"validateBooksByPublisherInUI","status":"failed","statusDetails":{"known":false,"muted":false,"flaky":false,"message":"expected [Understanding ECMAScript 6] but found [    ]","trace":"java.lang.AssertionError: expected [Understanding ECMAScript 6] but found [    ]\n\tat org.testng.Assert.fail(Assert.java:110)\n\tat org.testng.Assert.failNotEquals(Assert.java:1413)\n\tat org.testng.Assert.assertEqualsImpl(Assert.java:149)\n\tat org.testng.Assert.assertEquals(Assert.java:131)\n\tat org.testng.Assert.assertEquals(Assert.java:655)\n\tat org.testng.Assert.assertEquals(Assert.java:665)\n\tat Steps.BooksSteps.assertLastBook(BooksSteps.java:46)\n\tat BooksTests.validateBooksByPublisherInUI(BooksTests.java:64)\n\tat java.base/jdk.internal.reflect.DirectMethodHandleAccessor.invoke(DirectMethodHandleAccessor.java:104)\n\tat java.base/java.lang.reflect.Method.invoke(Method.java:578)\n\tat org.testng.internal.invokers.MethodInvocationHelper.invokeMethod(MethodInvocationHelper.java:139)\n\tat org.testng.internal.invokers.TestInvoker.invokeMethod(TestInvoker.java:677)\n\tat org.testng.internal.invokers.TestInvoker.invokeTestMethod(TestInvoker.java:221)\n\tat org.testng.internal.invokers.MethodRunner.runInSequence(MethodRunner.java:50)\n\tat org.testng.internal.invokers.TestInvoker$MethodInvocationAgent.invoke(TestInvoker.java:969)\n\tat org.testng.internal.invokers.TestInvoker.invokeTestMethods(TestInvoker.java:194)\n\tat org.testng.internal.invokers.TestMethodWorker.invokeTestMethods(TestMethodWorker.java:148)\n\tat org.testng.internal.invokers.TestMethodWorker.run(TestMethodWorker.java:128)\n\tat java.base/java.util.ArrayList.forEach(ArrayList.java:1511)\n\tat org.testng.TestRunner.privateRun(TestRunner.java:829)\n\tat org.testng.TestRunner.run(TestRunner.java:602)\n\tat org.testng.SuiteRunner.runTest(SuiteRunner.java:437)\n\tat org.testng.SuiteRunner.runSequentially(SuiteRunner.java:431)\n\tat org.testng.SuiteRunner.privateRun(SuiteRunner.java:391)\n\tat org.testng.SuiteRunner.run(SuiteRunner.java:330)\n\tat org.testng.SuiteRunnerWorker.runSuite(SuiteRunnerWorker.java:52)\n\tat org.testng.SuiteRunnerWorker.run(SuiteRunnerWorker.java:95)\n\tat org.testng.TestNG.runSuitesSequentially(TestNG.java:1256)\n\tat org.testng.TestNG.runSuitesLocally(TestNG.java:1176)\n\tat org.testng.TestNG.runSuites(TestNG.java:1099)\n\tat org.testng.TestNG.run(TestNG.java:1067)\n\tat com.intellij.rt.testng.IDEARemoteTestNG.run(IDEARemoteTestNG.java:66)\n\tat com.intellij.rt.testng.RemoteTestNGStarter.main(RemoteTestNGStarter.java:109)\n"},"stage":"finished","description":"Validate books with publisher name","steps":[{"name":"inputPublisherToSearch","status":"passed","stage":"finished","steps":[],"attachments":[],"parameters":[],"start":1690705709194,"stop":1690705709711},{"name":"searchBasedOnPublisher","status":"passed","stage":"finished","steps":[],"attachments":[],"parameters":[],"start":1690705709711,"stop":1690705709781},{"name":"assertBooksNumber","status":"passed","stage":"finished","steps":[],"attachments":[],"parameters":[{"name":"uiBookCount","value":"6"},{"name":"apiBookCount","value":"6"}],"start":1690705710433,"stop":1690705710435},{"name":"assertLastBookInApi","status":"passed","stage":"finished","steps":[],"attachments":[],"parameters":[{"name":"indexOfBook","value":"7"},{"name":"lastIndex","value":"7"}],"start":1690705710435,"stop":1690705710435},{"name":"assertLastBook","status":"failed","statusDetails":{"known":false,"muted":false,"flaky":false,"message":"expected [Understanding ECMAScript 6] but found [    ]","trace":"java.lang.AssertionError: expected [Understanding ECMAScript 6] but found [    ]\n\tat org.testng.Assert.fail(Assert.java:110)\n\tat org.testng.Assert.failNotEquals(Assert.java:1413)\n\tat org.testng.Assert.assertEqualsImpl(Assert.java:149)\n\tat org.testng.Assert.assertEquals(Assert.java:131)\n\tat org.testng.Assert.assertEquals(Assert.java:655)\n\tat org.testng.Assert.assertEquals(Assert.java:665)\n\tat Steps.BooksSteps.assertLastBook(BooksSteps.java:46)\n\tat BooksTests.validateBooksByPublisherInUI(BooksTests.java:64)\n\tat java.base/jdk.internal.reflect.DirectMethodHandleAccessor.invoke(DirectMethodHandleAccessor.java:104)\n\tat java.base/java.lang.reflect.Method.invoke(Method.java:578)\n\tat org.testng.internal.invokers.MethodInvocationHelper.invokeMethod(MethodInvocationHelper.java:139)\n\tat org.testng.internal.invokers.TestInvoker.invokeMethod(TestInvoker.java:677)\n\tat org.testng.internal.invokers.TestInvoker.invokeTestMethod(TestInvoker.java:221)\n\tat org.testng.internal.invokers.MethodRunner.runInSequence(MethodRunner.java:50)\n\tat org.testng.internal.invokers.TestInvoker$MethodInvocationAgent.invoke(TestInvoker.java:969)\n\tat org.testng.internal.invokers.TestInvoker.invokeTestMethods(TestInvoker.java:194)\n\tat org.testng.internal.invokers.TestMethodWorker.invokeTestMethods(TestMethodWorker.java:148)\n\tat org.testng.internal.invokers.TestMethodWorker.run(TestMethodWorker.java:128)\n\tat java.base/java.util.ArrayList.forEach(ArrayList.java:1511)\n\tat org.testng.TestRunner.privateRun(TestRunner.java:829)\n\tat org.testng.TestRunner.run(TestRunner.java:602)\n\tat org.testng.SuiteRunner.runTest(SuiteRunner.java:437)\n\tat org.testng.SuiteRunner.runSequentially(SuiteRunner.java:431)\n\tat org.testng.SuiteRunner.privateRun(SuiteRunner.java:391)\n\tat org.testng.SuiteRunner.run(SuiteRunner.java:330)\n\tat org.testng.SuiteRunnerWorker.runSuite(SuiteRunnerWorker.java:52)\n\tat org.testng.SuiteRunnerWorker.run(SuiteRunnerWorker.java:95)\n\tat org.testng.TestNG.runSuitesSequentially(TestNG.java:1256)\n\tat org.testng.TestNG.runSuitesLocally(TestNG.java:1176)\n\tat org.testng.TestNG.runSuites(TestNG.java:1099)\n\tat org.testng.TestNG.run(TestNG.java:1067)\n\tat com.intellij.rt.testng.IDEARemoteTestNG.run(IDEARemoteTestNG.java:66)\n\tat com.intellij.rt.testng.RemoteTestNGStarter.main(RemoteTestNGStarter.java:109)\n"},"stage":"finished","steps":[],"attachments":[],"parameters":[],"start":1690705710436,"stop":1690705710547}],"attachments":[],"parameters":[],"start":1690705705202,"stop":1690705710549}